<?xml version="1.0" encoding="UTF-8"?>
<!-- Generated by org.testng.reporters.JUnitReportReporter -->
<testsuite hostname="Rakib-Ansar" failures="0" tests="1" name="Testcase.Hometestcase" time="29.750" errors="0" timestamp="2024-06-23T19:26:35 IST" skipped="0">
  <testcase classname="Testcase.Hometestcase" name="consultation" time="29.750"/>
  <system-out/>
</testsuite> <!-- Testcase.Hometestcase -->
