<?xml version="1.0" encoding="UTF-8"?>
<!-- Generated by org.testng.reporters.JUnitReportReporter -->
<testsuite hostname="Rakib-Ansar" failures="0" tests="1" name="PageObject.LoginPage" time="6.987" errors="0" timestamp="2024-06-20T15:23:49 IST" skipped="0">
  <testcase classname="PageObject.LoginPage" name="quit" time="6.987"/>
  <system-out/>
</testsuite> <!-- PageObject.LoginPage -->
