<?xml version="1.0" encoding="UTF-8"?>
<!-- Generated by org.testng.reporters.JUnitReportReporter -->
<testsuite hostname="Rakib-Ansar" failures="0" tests="1" name="doctorweb.healthinterface" time="8.604" errors="0" timestamp="2024-06-15T20:30:55 IST" skipped="0">
  <testcase classname="doctorweb.healthinterface" name="loginuser" time="8.604"/>
</testsuite> <!-- doctorweb.healthinterface -->
