<?xml version="1.0" encoding="UTF-8"?>
<!-- Generated by org.testng.reporters.JUnitReportReporter -->
<testsuite hostname="Rakib-Ansar" failures="0" tests="1" name="doctorweb.basehealth" time="6.975" errors="0" timestamp="2024-06-15T17:50:11 IST" skipped="0">
  <testcase classname="doctorweb.basehealth" name="webURL" time="6.975"/>
</testsuite> <!-- doctorweb.basehealth -->
